2024-06-30 11:01:37 - UserID: 5dbf0d6227d32303040db2fd9a25a0ad - Current Redirection URL: login.php
2024-06-30 11:03:07 - UserID: 5dbf0d6227d32303040db2fd9a25a0ad - Current Redirection URL: login.php
2024-06-30 11:05:16 - UserID: 5dbf0d6227d32303040db2fd9a25a0ad - Current Redirection URL: confirm.php
2024-06-30 11:05:25 - UserID: 5dbf0d6227d32303040db2fd9a25a0ad - Current Redirection URL: sign-in.php
2024-06-30 11:05:41 - UserID: 5dbf0d6227d32303040db2fd9a25a0ad - Current Redirection URL: sign-in.php
2024-06-30 11:08:38 - UserID: 5dbf0d6227d32303040db2fd9a25a0ad - Current Redirection URL: confirm.php
2024-06-30 11:08:50 - UserID: 5dbf0d6227d32303040db2fd9a25a0ad - Current Redirection URL: index.php
2024-06-30 11:08:59 - UserID: 5dbf0d6227d32303040db2fd9a25a0ad - Current Redirection URL: sign-in.php
2024-06-30 11:09:37 - UserID: 5dbf0d6227d32303040db2fd9a25a0ad - Current Redirection URL: confirm2.php
2024-06-30 11:09:43 - UserID: 5dbf0d6227d32303040db2fd9a25a0ad - Current Redirection URL: login.php
2024-06-30 11:10:34 - UserID: 5dbf0d6227d32303040db2fd9a25a0ad - Current Redirection URL: index.php
2024-06-30 11:10:42 - UserID: 5dbf0d6227d32303040db2fd9a25a0ad - Current Redirection URL: confirm2.php
2024-06-30 11:10:48 - UserID: 5dbf0d6227d32303040db2fd9a25a0ad - Current Redirection URL: sign-in.php
2024-06-30 11:56:04 - UserID: 9755e1343e23a47bd1a7d652b2659e7a - Current Redirection URL: login.php
2024-06-30 11:56:08 - UserID: 9755e1343e23a47bd1a7d652b2659e7a - Current Redirection URL: login.php
2024-06-30 11:56:15 - UserID: 9755e1343e23a47bd1a7d652b2659e7a - Current Redirection URL: login.php
2024-06-30 12:04:53 - UserID: 43b0010d93aeebbdc380e426a662ca47 - Current Redirection URL: login.php
2024-06-30 12:04:56 - UserID: 43b0010d93aeebbdc380e426a662ca47 - Current Redirection URL: login.php
2024-06-30 12:04:58 - UserID: 43b0010d93aeebbdc380e426a662ca47 - Current Redirection URL: login.php
2024-06-30 12:11:00 - UserID: 43b0010d93aeebbdc380e426a662ca47 - Current Redirection URL: login.php
2024-06-30 12:11:01 - UserID: 43b0010d93aeebbdc380e426a662ca47 - Current Redirection URL: login.php
2024-06-30 12:11:04 - UserID: 43b0010d93aeebbdc380e426a662ca47 - Current Redirection URL: login.php
2024-06-30 12:11:09 - UserID: 43b0010d93aeebbdc380e426a662ca47 - Current Redirection URL: login.php
2024-06-30 12:11:18 - UserID: 43b0010d93aeebbdc380e426a662ca47 - Current Redirection URL: login.php
2024-06-30 12:11:20 - UserID: 43b0010d93aeebbdc380e426a662ca47 - Current Redirection URL: login.php
2024-06-30 12:11:21 - UserID: 43b0010d93aeebbdc380e426a662ca47 - Current Redirection URL: login.php
2024-06-30 12:11:27 - UserID: 43b0010d93aeebbdc380e426a662ca47 - Current Redirection URL: confirm.php
2024-06-30 12:11:37 - UserID: 43b0010d93aeebbdc380e426a662ca47 - Current Redirection URL: index.php
2024-06-30 12:11:42 - UserID: 43b0010d93aeebbdc380e426a662ca47 - Current Redirection URL: confirm2.php
2024-06-30 12:12:04 - UserID: ca3be3bbefd78b40610c58a5284a3e72 - Current Redirection URL: login.php
2024-06-30 12:12:13 - UserID: ca3be3bbefd78b40610c58a5284a3e72 - Current Redirection URL: login.php
2024-06-30 12:12:17 - UserID: ca3be3bbefd78b40610c58a5284a3e72 - Current Redirection URL: login.php
2024-06-30 12:12:35 - UserID: ca3be3bbefd78b40610c58a5284a3e72 - Current Redirection URL: login.php
2024-06-30 12:16:25 - UserID: 217196efef90bc7a15005f7a03afde4c - Current Redirection URL: login.php
2024-06-30 12:16:33 - UserID: 217196efef90bc7a15005f7a03afde4c - Current Redirection URL: login.php
2024-06-30 12:16:39 - UserID: 217196efef90bc7a15005f7a03afde4c - Current Redirection URL: login.php
2024-06-30 12:16:46 - UserID: 217196efef90bc7a15005f7a03afde4c - Current Redirection URL: login.php
2024-06-30 12:16:55 - UserID: 217196efef90bc7a15005f7a03afde4c - Current Redirection URL: login.php
2024-06-30 12:17:04 - UserID: 217196efef90bc7a15005f7a03afde4c - Current Redirection URL: login.php
2024-06-30 12:17:10 - UserID: 217196efef90bc7a15005f7a03afde4c - Current Redirection URL: login.php
2024-06-30 12:18:04 - UserID: 217196efef90bc7a15005f7a03afde4c - Current Redirection URL: login.php
2024-06-30 12:18:11 - UserID: 217196efef90bc7a15005f7a03afde4c - Current Redirection URL: login.php
2024-06-30 12:18:18 - UserID: 217196efef90bc7a15005f7a03afde4c - Current Redirection URL: login.php
2024-06-30 12:18:25 - UserID: 217196efef90bc7a15005f7a03afde4c - Current Redirection URL: login.php
2024-06-30 12:18:31 - UserID: 217196efef90bc7a15005f7a03afde4c - Current Redirection URL: login.php
2024-06-30 12:22:46 - UserID: 43b0010d93aeebbdc380e426a662ca47 - Current Redirection URL: login.php
2024-06-30 12:22:48 - UserID: 43b0010d93aeebbdc380e426a662ca47 - Current Redirection URL: login.php
2024-06-30 12:22:53 - UserID: 43b0010d93aeebbdc380e426a662ca47 - Current Redirection URL: login.php
2024-06-30 12:23:13 - UserID: fc4d012bb9a004ebfaba1155fe104a33 - Current Redirection URL: login.php
2024-06-30 12:23:25 - UserID: 43b0010d93aeebbdc380e426a662ca47 - Current Redirection URL: login.php
2024-06-30 12:23:27 - UserID: 43b0010d93aeebbdc380e426a662ca47 - Current Redirection URL: login.php
2024-06-30 12:23:31 - UserID: 43b0010d93aeebbdc380e426a662ca47 - Current Redirection URL: login.php
2024-06-30 12:23:37 - UserID: 43b0010d93aeebbdc380e426a662ca47 - Current Redirection URL: login.php
2024-06-30 12:26:08 - UserID: ca3be3bbefd78b40610c58a5284a3e72 - Current Redirection URL: login.php
2024-06-30 12:26:13 - UserID: ca3be3bbefd78b40610c58a5284a3e72 - Current Redirection URL: confirm.php
2024-06-30 12:26:21 - UserID: ca3be3bbefd78b40610c58a5284a3e72 - Current Redirection URL: confirm.php
2024-06-30 12:26:25 - UserID: ca3be3bbefd78b40610c58a5284a3e72 - Current Redirection URL: confirm.php
2024-06-30 12:26:32 - UserID: ca3be3bbefd78b40610c58a5284a3e72 - Current Redirection URL: confirm.php
2024-06-30 12:26:37 - UserID: ca3be3bbefd78b40610c58a5284a3e72 - Current Redirection URL: confirm.php
2024-06-30 12:28:02 - UserID: 5dbf0d6227d32303040db2fd9a25a0ad - Current Redirection URL: login.php
2024-06-30 12:29:34 - UserID: ca3be3bbefd78b40610c58a5284a3e72 - Current Redirection URL: login.php
2024-06-30 12:29:41 - UserID: ca3be3bbefd78b40610c58a5284a3e72 - Current Redirection URL: login.php
2024-06-30 12:30:02 - UserID: ca3be3bbefd78b40610c58a5284a3e72 - Current Redirection URL: sign-in.php
2024-06-30 12:30:06 - UserID: 5dbf0d6227d32303040db2fd9a25a0ad - Current Redirection URL: login.php
2024-06-30 12:30:08 - UserID: ca3be3bbefd78b40610c58a5284a3e72 - Current Redirection URL: login.php
2024-06-30 12:30:18 - UserID: ca3be3bbefd78b40610c58a5284a3e72 - Current Redirection URL: sign-in.php
2024-06-30 12:30:24 - UserID: ca3be3bbefd78b40610c58a5284a3e72 - Current Redirection URL: login.php
2024-06-30 12:30:35 - UserID: ca3be3bbefd78b40610c58a5284a3e72 - Current Redirection URL: confirm2.php
2024-06-30 12:30:52 - UserID: ca3be3bbefd78b40610c58a5284a3e72 - Current Redirection URL: sign-in.php
2024-06-30 12:31:38 - UserID: 84ddfd2abe0eecc62af4199087995f41 - Current Redirection URL: login.php
2024-06-30 12:32:27 - UserID: 43b0010d93aeebbdc380e426a662ca47 - Current Redirection URL: login.php
2024-06-30 12:32:30 - UserID: 43b0010d93aeebbdc380e426a662ca47 - Current Redirection URL: login.php
2024-06-30 12:32:36 - UserID: 43b0010d93aeebbdc380e426a662ca47 - Current Redirection URL: login.php
2024-06-30 12:32:38 - UserID: 43b0010d93aeebbdc380e426a662ca47 - Current Redirection URL: login.php
2024-06-30 12:32:42 - UserID: 43b0010d93aeebbdc380e426a662ca47 - Current Redirection URL: login.php
2024-06-30 12:32:43 - UserID: 43b0010d93aeebbdc380e426a662ca47 - Current Redirection URL: login.php
2024-06-30 12:32:45 - UserID: 43b0010d93aeebbdc380e426a662ca47 - Current Redirection URL: login.php
2024-06-30 12:32:47 - UserID: 43b0010d93aeebbdc380e426a662ca47 - Current Redirection URL: login.php
2024-06-30 12:32:49 - UserID: 43b0010d93aeebbdc380e426a662ca47 - Current Redirection URL: login.php
2024-06-30 12:32:55 - UserID: 43b0010d93aeebbdc380e426a662ca47 - Current Redirection URL: login.php
2024-06-30 12:33:04 - UserID: 43b0010d93aeebbdc380e426a662ca47 - Current Redirection URL: index.php
2024-06-30 12:33:09 - UserID: 43b0010d93aeebbdc380e426a662ca47 - Current Redirection URL: login.php
2024-06-30 12:33:14 - UserID: 43b0010d93aeebbdc380e426a662ca47 - Current Redirection URL: login.php
2024-06-30 12:33:16 - UserID: 43b0010d93aeebbdc380e426a662ca47 - Current Redirection URL: login.php
2024-06-30 12:33:19 - UserID: 43b0010d93aeebbdc380e426a662ca47 - Current Redirection URL: login.php
2024-06-30 12:33:22 - UserID: 5c0452291f1f54f272d9cddd9673c148 - Current Redirection URL: login.php
2024-06-30 12:33:24 - UserID: 43b0010d93aeebbdc380e426a662ca47 - Current Redirection URL: confirm2.php
2024-06-30 12:33:43 - UserID: ca3be3bbefd78b40610c58a5284a3e72 - Current Redirection URL: login.php
2024-06-30 12:34:33 - UserID: ca3be3bbefd78b40610c58a5284a3e72 - Current Redirection URL: login.php
2024-06-30 12:34:39 - UserID: ca3be3bbefd78b40610c58a5284a3e72 - Current Redirection URL: login.php
2024-06-30 12:34:43 - UserID: ca3be3bbefd78b40610c58a5284a3e72 - Current Redirection URL: login.php
2024-06-30 12:34:50 - UserID: ca3be3bbefd78b40610c58a5284a3e72 - Current Redirection URL: login.php
2024-06-30 12:35:01 - UserID: ca3be3bbefd78b40610c58a5284a3e72 - Current Redirection URL: index.php
2024-06-30 12:35:18 - UserID: ca3be3bbefd78b40610c58a5284a3e72 - Current Redirection URL: confirm2.php
2024-06-30 12:35:24 - UserID: ca3be3bbefd78b40610c58a5284a3e72 - Current Redirection URL: index.php
2024-06-30 12:37:05 - UserID: ca3be3bbefd78b40610c58a5284a3e72 - Current Redirection URL: index.php
2024-06-30 12:37:15 - UserID: ca3be3bbefd78b40610c58a5284a3e72 - Current Redirection URL: index.php
2024-06-30 12:37:21 - UserID: ca3be3bbefd78b40610c58a5284a3e72 - Current Redirection URL: confirm2.php
2024-06-30 12:37:50 - UserID: ca3be3bbefd78b40610c58a5284a3e72 - Current Redirection URL: confirm2.php
2024-06-30 12:38:09 - UserID: ca3be3bbefd78b40610c58a5284a3e72 - Current Redirection URL: login.php
2024-06-30 12:38:19 - UserID: ca3be3bbefd78b40610c58a5284a3e72 - Current Redirection URL: sign-in.php
2024-06-30 12:40:20 - UserID: ca3be3bbefd78b40610c58a5284a3e72 - Current Redirection URL: confirm2.php
2024-06-30 12:41:02 - UserID: ca3be3bbefd78b40610c58a5284a3e72 - Current Redirection URL: confirm2.php
2024-06-30 12:41:26 - UserID: ca3be3bbefd78b40610c58a5284a3e72 - Current Redirection URL: confirm2.php
2024-06-30 12:41:30 - UserID: ca3be3bbefd78b40610c58a5284a3e72 - Current Redirection URL: confirm2.php
2024-06-30 12:41:41 - UserID: ca3be3bbefd78b40610c58a5284a3e72 - Current Redirection URL: confirm2.php
2024-06-30 12:41:47 - UserID: ca3be3bbefd78b40610c58a5284a3e72 - Current Redirection URL: confirm.php
2024-06-30 12:41:54 - UserID: ca3be3bbefd78b40610c58a5284a3e72 - Current Redirection URL: confirm2.php
2024-06-30 12:42:00 - UserID: ca3be3bbefd78b40610c58a5284a3e72 - Current Redirection URL: index.php
2024-06-30 12:42:13 - UserID: ca3be3bbefd78b40610c58a5284a3e72 - Current Redirection URL: confirm2.php
2024-06-30 12:42:24 - UserID: ca3be3bbefd78b40610c58a5284a3e72 - Current Redirection URL: index.php
2024-06-30 12:47:30 - UserID: ca3be3bbefd78b40610c58a5284a3e72 - Current Redirection URL: confirm2.php
2024-06-30 12:47:34 - UserID: ca3be3bbefd78b40610c58a5284a3e72 - Current Redirection URL: confirm2.php
2024-06-30 12:47:36 - UserID: ca3be3bbefd78b40610c58a5284a3e72 - Current Redirection URL: confirm2.php
2024-06-30 12:47:39 - UserID: ca3be3bbefd78b40610c58a5284a3e72 - Current Redirection URL: confirm2.php
2024-06-30 12:47:43 - UserID: ca3be3bbefd78b40610c58a5284a3e72 - Current Redirection URL: confirm2.php
2024-06-30 12:47:51 - UserID: ca3be3bbefd78b40610c58a5284a3e72 - Current Redirection URL: confirm2.php
2024-06-30 12:47:56 - UserID: ca3be3bbefd78b40610c58a5284a3e72 - Current Redirection URL: confirm.php
2024-06-30 12:48:04 - UserID: ca3be3bbefd78b40610c58a5284a3e72 - Current Redirection URL: confirm2.php
2024-06-30 12:48:10 - UserID: ca3be3bbefd78b40610c58a5284a3e72 - Current Redirection URL: index.php
2024-06-30 12:48:23 - UserID: ca3be3bbefd78b40610c58a5284a3e72 - Current Redirection URL: confirm2.php
2024-06-30 12:48:29 - UserID: ca3be3bbefd78b40610c58a5284a3e72 - Current Redirection URL: login.php
2024-06-30 12:48:34 - UserID: ca3be3bbefd78b40610c58a5284a3e72 - Current Redirection URL: index.php
2024-06-30 12:48:47 - UserID: ca3be3bbefd78b40610c58a5284a3e72 - Current Redirection URL: confirm2.php
2024-06-30 12:49:58 - UserID: 5dbf0d6227d32303040db2fd9a25a0ad - Current Redirection URL: login.php
2024-06-30 12:53:03 - UserID: 5dbf0d6227d32303040db2fd9a25a0ad - Current Redirection URL: login.php
2024-06-30 12:54:05 - UserID: 5dbf0d6227d32303040db2fd9a25a0ad - Current Redirection URL: login.php
2024-06-30 12:54:05 - UserID: 5dbf0d6227d32303040db2fd9a25a0ad - Current Redirection URL: login.php
2024-06-30 12:54:05 - UserID: 5dbf0d6227d32303040db2fd9a25a0ad - Current Redirection URL: login.php
2024-06-30 12:54:15 - UserID: 5dbf0d6227d32303040db2fd9a25a0ad - Current Redirection URL: confirm2.php
2024-06-30 12:54:15 - UserID: 5dbf0d6227d32303040db2fd9a25a0ad - Current Redirection URL: confirm2.php
2024-06-30 12:54:25 - UserID: 5dbf0d6227d32303040db2fd9a25a0ad - Current Redirection URL: confirm2.php
2024-06-30 12:54:26 - UserID: 5dbf0d6227d32303040db2fd9a25a0ad - Current Redirection URL: confirm2.php
2024-06-30 12:54:32 - UserID: 5dbf0d6227d32303040db2fd9a25a0ad - Current Redirection URL: index.php
2024-06-30 12:54:35 - UserID: 5dbf0d6227d32303040db2fd9a25a0ad - Current Redirection URL: index.php
2024-06-30 12:54:45 - UserID: 5dbf0d6227d32303040db2fd9a25a0ad - Current Redirection URL: index.php
2024-06-30 12:56:06 - UserID: 5dbf0d6227d32303040db2fd9a25a0ad - Current Redirection URL: confirm.php
2024-06-30 12:56:15 - UserID: 5dbf0d6227d32303040db2fd9a25a0ad - Current Redirection URL: confirm.php
2024-06-30 12:56:17 - UserID: 5dbf0d6227d32303040db2fd9a25a0ad - Current Redirection URL: confirm.php
2024-06-30 12:56:35 - UserID: 7f4b5f94c806ecb3b87d8bc7d61cd68e - Current Redirection URL: login.php
2024-06-30 12:57:37 - UserID: 6f7ea376d11202e97bac02c54f94b5f9 - Current Redirection URL: login.php
2024-06-30 12:57:46 - UserID: 6f7ea376d11202e97bac02c54f94b5f9 - Current Redirection URL: login.php
2024-06-30 12:58:33 - UserID: 6f7ea376d11202e97bac02c54f94b5f9 - Current Redirection URL: confirm2.php
2024-06-30 12:58:45 - UserID: 43b0010d93aeebbdc380e426a662ca47 - Current Redirection URL: login.php
2024-06-30 12:58:47 - UserID: 43b0010d93aeebbdc380e426a662ca47 - Current Redirection URL: login.php
2024-06-30 12:58:49 - UserID: 43b0010d93aeebbdc380e426a662ca47 - Current Redirection URL: login.php
2024-06-30 12:58:52 - UserID: 43b0010d93aeebbdc380e426a662ca47 - Current Redirection URL: login.php
2024-06-30 12:58:54 - UserID: 43b0010d93aeebbdc380e426a662ca47 - Current Redirection URL: login.php
2024-06-30 12:58:55 - UserID: 43b0010d93aeebbdc380e426a662ca47 - Current Redirection URL: login.php
2024-06-30 12:59:03 - UserID: 43b0010d93aeebbdc380e426a662ca47 - Current Redirection URL: login.php
2024-06-30 12:59:36 - UserID: ad24a46de8c8e7e7db583548c26b6db1 - Current Redirection URL: login.php
2024-06-30 13:00:22 - UserID: 43b0010d93aeebbdc380e426a662ca47 - Current Redirection URL: login.php
2024-06-30 13:00:32 - UserID: 43b0010d93aeebbdc380e426a662ca47 - Current Redirection URL: index.php
2024-06-30 13:00:37 - UserID: 43b0010d93aeebbdc380e426a662ca47 - Current Redirection URL: index.php
2024-06-30 13:00:39 - UserID: 43b0010d93aeebbdc380e426a662ca47 - Current Redirection URL: index.php
2024-06-30 13:00:41 - UserID: 43b0010d93aeebbdc380e426a662ca47 - Current Redirection URL: index.php
2024-06-30 13:00:44 - UserID: 43b0010d93aeebbdc380e426a662ca47 - Current Redirection URL: index.php
2024-06-30 13:00:46 - UserID: 43b0010d93aeebbdc380e426a662ca47 - Current Redirection URL: index.php
2024-06-30 13:00:49 - UserID: 6f7ea376d11202e97bac02c54f94b5f9 - Current Redirection URL: login.php
2024-06-30 13:00:51 - UserID: 43b0010d93aeebbdc380e426a662ca47 - Current Redirection URL: confirm2.php
2024-06-30 13:01:12 - UserID: 43b0010d93aeebbdc380e426a662ca47 - Current Redirection URL: login.php
2024-06-30 13:01:18 - UserID: 43b0010d93aeebbdc380e426a662ca47 - Current Redirection URL: confirm2.php
2024-06-30 13:01:27 - UserID: d3597bdd439534796ee7453fa09df459 - Current Redirection URL: login.php
2024-06-30 13:01:32 - UserID: d3597bdd439534796ee7453fa09df459 - Current Redirection URL: login.php
2024-06-30 13:01:37 - UserID: d3597bdd439534796ee7453fa09df459 - Current Redirection URL: login.php
2024-06-30 13:01:45 - UserID: d3597bdd439534796ee7453fa09df459 - Current Redirection URL: login.php
2024-06-30 13:01:49 - UserID: d3597bdd439534796ee7453fa09df459 - Current Redirection URL: login.php
2024-06-30 13:01:52 - UserID: 6f7ea376d11202e97bac02c54f94b5f9 - Current Redirection URL: login.php
2024-06-30 13:01:53 - UserID: d3597bdd439534796ee7453fa09df459 - Current Redirection URL: login.php
2024-06-30 13:02:08 - UserID: d3597bdd439534796ee7453fa09df459 - Current Redirection URL: confirm2.php
2024-06-30 13:02:13 - UserID: d3597bdd439534796ee7453fa09df459 - Current Redirection URL: confirm2.php
2024-06-30 13:02:18 - UserID: d3597bdd439534796ee7453fa09df459 - Current Redirection URL: sign-in.php
2024-06-30 13:04:05 - UserID: 6f7ea376d11202e97bac02c54f94b5f9 - Current Redirection URL: login.php
2024-06-30 13:04:11 - UserID: 6f7ea376d11202e97bac02c54f94b5f9 - Current Redirection URL: login.php
2024-06-30 13:04:18 - UserID: 6f7ea376d11202e97bac02c54f94b5f9 - Current Redirection URL: login.php
2024-06-30 13:04:29 - UserID: 6f7ea376d11202e97bac02c54f94b5f9 - Current Redirection URL: sign-in.php
